
CPPTRAJ: Trajectory Analysis. V5.1.0
    ___  ___  ___  ___
     | \/ | \/ | \/ | 
    _|_/\_|_/\_|_/\_|_

| Date/time: 05/03/22 17:24:46
| Available memory: 1.328 GB

INPUT: Reading input from 'cpp.in'
  [parm m01_2kod_12A.prmtop]
	Reading 'm01_2kod_12A.prmtop' as Amber Topology
	Radius Set: modified Bondi radii (mbondi)
  [trajin ai_286_37.pdb]
	Reading 'ai_286_37.pdb' as PDB
	Read CRYST1 info from PDB: a=89.056 b=89.056 c=89.056 alpha=109.47 beta=109.47 gamma=109.47
Warning: Low precision truncated octahedron angles detected (109.47 vs 109.471).
Warning:   If desired, the 'box' command can be used during processing
Warning:   to set higher-precision angles.
  [autoimage]
    AUTOIMAGE: To box center based on center of mass, anchor is first molecule.
  [trajout ai_ai_286_37.pdb pdb]
	Writing 'ai_ai_286_37.pdb' as PDB
  [run]
---------- RUN BEGIN -------------------------------------------------

PARAMETER FILES (1 total):
 0: m01_2kod_12A.prmtop, 54644 atoms, 17472 res, box: Truncated octahedron, 17298 mol, 17294 solvent

INPUT TRAJECTORIES (1 total):
 0: 'ai_286_37.pdb' is a PDB file, Parm m01_2kod_12A.prmtop (Truncated octahedron box) (reading 1 of 1)
  Coordinate processing will occur on 1 frames.

OUTPUT TRAJECTORIES (1 total):
  'ai_ai_286_37.pdb' (1 frames) is a PDB file

BEGIN TRAJECTORY PROCESSING:
.....................................................
ACTION SETUP FOR PARM 'm01_2kod_12A.prmtop' (1 actions):
  0: [autoimage]
	Original box is truncated octahedron, turning on 'familiar'.
	Using first molecule as anchor.
	1 molecules are fixed to anchor: 2
	17296 molecules are mobile.
Warning: No PDB space group specified.
.....................................................
ACTIVE OUTPUT TRAJECTORIES (1):
  ai_ai_286_37.pdb (coordinates, box)
----- ai_286_37.pdb (1-1, 1) -----
100% Complete.

Read 1 frames and processed 1 frames.
TIME: Avg. throughput= 10.6766 frames / second.

ACTION OUTPUT:
TIME: Analyses took 0.0000 seconds.

RUN TIMING:
TIME:		Init               : 0.0000 s (  0.01%)
TIME:		Trajectory Process : 0.0937 s ( 97.85%)
TIME:		Action Post        : 0.0000 s (  0.00%)
TIME:		Analysis           : 0.0000 s (  0.00%)
TIME:		Data File Write    : 0.0000 s (  0.00%)
TIME:		Other              : 0.0020 s (  0.02%)
TIME:	Run Total 0.0957 s
---------- RUN END ---------------------------------------------------
TIME: Total execution time: 0.2433 seconds.
--------------------------------------------------------------------------------
To cite CPPTRAJ use:
Daniel R. Roe and Thomas E. Cheatham, III, "PTRAJ and CPPTRAJ: Software for
  Processing and Analysis of Molecular Dynamics Trajectory Data". J. Chem.
  Theory Comput., 2013, 9 (7), pp 3084-3095.

